<?xml version="1.0" encoding="UTF-8"?>
<testsuite name="com.shareconnect.api.ServiceApiClientTest" tests="34" skipped="0" failures="0" errors="0" timestamp="2025-09-25T13:55:02.793Z" hostname="Mistborn.local" time="2.64">
  <properties/>
  <testcase name="testProfileTypes" classname="com.shareconnect.api.ServiceApiClientTest" time="2.181"/>
  <testcase name="testTorrentClientTypes" classname="com.shareconnect.api.ServiceApiClientTest" time="0.004"/>
  <testcase name="testMeTubeProfile" classname="com.shareconnect.api.ServiceApiClientTest" time="0.004"/>
  <testcase name="testTorrentProfile" classname="com.shareconnect.api.ServiceApiClientTest" time="0.003"/>
  <testcase name="testUTorrentProfile" classname="com.shareconnect.api.ServiceApiClientTest" time="0.003"/>
  <testcase name="testSendUrlToServiceCallback" classname="com.shareconnect.api.ServiceApiClientTest" time="0.019"/>
  <testcase name="testJDownloaderProfile" classname="com.shareconnect.api.ServiceApiClientTest" time="0.004"/>
  <testcase name="testProfileWithoutAuthentication" classname="com.shareconnect.api.ServiceApiClientTest" time="0.004"/>
  <testcase name="testTransmissionProfile" classname="com.shareconnect.api.ServiceApiClientTest" time="0.003"/>
  <testcase name="testYtdlProfile" classname="com.shareconnect.api.ServiceApiClientTest" time="0.002"/>
  <testcase name="testServiceApiCallback" classname="com.shareconnect.api.ServiceApiClientTest" time="0.007"/>
  <testcase name="testProfileWithEmptyAuthentication" classname="com.shareconnect.api.ServiceApiClientTest" time="0.003"/>
  <testcase name="testServiceApiClientInitialization" classname="com.shareconnect.api.ServiceApiClientTest" time="0.003"/>
  <testcase name="testProfileWithAuthentication" classname="com.shareconnect.api.ServiceApiClientTest" time="0.003"/>
  <testcase name="testQBittorrentProfile" classname="com.shareconnect.api.ServiceApiClientTest" time="0.003"/>
  <testcase name="testUnsupportedServiceType" classname="com.shareconnect.api.ServiceApiClientTest" time="0.024"/>
  <testcase name="testServiceApiClientCreation" classname="com.shareconnect.api.ServiceApiClientTest" time="0.004"/>
  <testcase name="testProfileTypes" classname="com.shareconnect.api.ServiceApiClientTest" time="0.004"/>
  <testcase name="testTorrentClientTypes" classname="com.shareconnect.api.ServiceApiClientTest" time="0.002"/>
  <testcase name="testMeTubeProfile" classname="com.shareconnect.api.ServiceApiClientTest" time="0.002"/>
  <testcase name="testTorrentProfile" classname="com.shareconnect.api.ServiceApiClientTest" time="0.002"/>
  <testcase name="testUTorrentProfile" classname="com.shareconnect.api.ServiceApiClientTest" time="0.001"/>
  <testcase name="testSendUrlToServiceCallback" classname="com.shareconnect.api.ServiceApiClientTest" time="0.003"/>
  <testcase name="testJDownloaderProfile" classname="com.shareconnect.api.ServiceApiClientTest" time="0.002"/>
  <testcase name="testProfileWithoutAuthentication" classname="com.shareconnect.api.ServiceApiClientTest" time="0.003"/>
  <testcase name="testTransmissionProfile" classname="com.shareconnect.api.ServiceApiClientTest" time="0.002"/>
  <testcase name="testYtdlProfile" classname="com.shareconnect.api.ServiceApiClientTest" time="0.002"/>
  <testcase name="testServiceApiCallback" classname="com.shareconnect.api.ServiceApiClientTest" time="0.002"/>
  <testcase name="testProfileWithEmptyAuthentication" classname="com.shareconnect.api.ServiceApiClientTest" time="0.002"/>
  <testcase name="testServiceApiClientInitialization" classname="com.shareconnect.api.ServiceApiClientTest" time="0.002"/>
  <testcase name="testProfileWithAuthentication" classname="com.shareconnect.api.ServiceApiClientTest" time="0.002"/>
  <testcase name="testQBittorrentProfile" classname="com.shareconnect.api.ServiceApiClientTest" time="0.002"/>
  <testcase name="testUnsupportedServiceType" classname="com.shareconnect.api.ServiceApiClientTest" time="0.002"/>
  <testcase name="testServiceApiClientCreation" classname="com.shareconnect.api.ServiceApiClientTest" time="0.002"/>
  <system-out><![CDATA[WARNING: No manifest file found at ./AndroidManifest.xml.
Falling back to the Android OS resources only.
To remove this warning, annotate your test class with @Config(manifest=Config.NONE).
]]></system-out>
  <system-err><![CDATA[No such manifest file: ./AndroidManifest.xml
]]></system-err>
</testsuite>
