<?xml version='1.0' encoding='UTF-8' ?>
<testsuite name="com.shareconnect.automation.AccessibilityAutomationTest" tests="14" failures="0" errors="0" skipped="0" time="176.695" timestamp="2025-09-23T17:41:30" hostname="localhost">
  <properties>
    <property name="device" value="Pixel_7_Pro(AVD) - 13" />
    <property name="flavor" value="" />
    <property name="project" value=":Application" />
  </properties>
  <testcase name="testAccessibilityLabels" classname="com.shareconnect.automation.AccessibilityAutomationTest" time="7.932" />
  <testcase name="testStateDescriptions" classname="com.shareconnect.automation.AccessibilityAutomationTest" time="6.334" />
  <testcase name="testTextContrast" classname="com.shareconnect.automation.AccessibilityAutomationTest" time="6.761" />
  <testcase name="testContentLabeling" classname="com.shareconnect.automation.AccessibilityAutomationTest" time="6.338" />
  <testcase name="testKeyboardNavigation" classname="com.shareconnect.automation.AccessibilityAutomationTest" time="6.189" />
  <testcase name="testMinimumTouchTargetSize" classname="com.shareconnect.automation.AccessibilityAutomationTest" time="6.213" />
  <testcase name="testScreenReaderSupport" classname="com.shareconnect.automation.AccessibilityAutomationTest" time="6.394" />
  <testcase name="testAppStressTest" classname="com.shareconnect.automation.FullAppFlowAutomationTest" time="23.803" />
  <testcase name="testCompleteProfileManagementFlow" classname="com.shareconnect.automation.FullAppFlowAutomationTest" time="44.004" />
  <testcase name="testCompleteFirstRunFlow" classname="com.shareconnect.automation.FullAppFlowAutomationTest" time="10.422" />
  <testcase name="testCompleteThemeChangeFlow" classname="com.shareconnect.automation.FullAppFlowAutomationTest" time="7.214" />
  <testcase name="testCompleteHistoryFlow" classname="com.shareconnect.automation.FullAppFlowAutomationTest" time="6.996" />
  <testcase name="testCompleteShareIntentFlow" classname="com.shareconnect.automation.FullAppFlowAutomationTest" time="6.804" />
  <testcase name="testCompleteAppNavigationFlow" classname="com.shareconnect.automation.FullAppFlowAutomationTest" time="19.173" />
</testsuite>