<?xml version="1.0" encoding="UTF-8"?>
<testsuite name="com.shareconnect.MetadataFetcherTest" tests="19" skipped="0" failures="0" errors="0" timestamp="2025-09-25T14:28:40.037Z" hostname="Mistborn.local" time="1.183">
  <properties/>
  <testcase name="testMagnetMetadataExtraction_NoDisplayName" classname="com.shareconnect.MetadataFetcherTest" time="0.265"/>
  <testcase name="testContentTypeInference_TVShowBySeason" classname="com.shareconnect.MetadataFetcherTest" time="0.003"/>
  <testcase name="testMagnetMetadataExtraction_BookDocument" classname="com.shareconnect.MetadataFetcherTest" time="0.003"/>
  <testcase name="testContentTypeInference_MusicByKeyword" classname="com.shareconnect.MetadataFetcherTest" time="0.003"/>
  <testcase name="testMagnetMetadataExtraction_SoftwareGame" classname="com.shareconnect.MetadataFetcherTest" time="0.002"/>
  <testcase name="testTorrentFileUrl_ExtractsFilename" classname="com.shareconnect.MetadataFetcherTest" time="0.001"/>
  <testcase name="testMagnetMetadataExtraction_WithURLEncoding" classname="com.shareconnect.MetadataFetcherTest" time="0.001"/>
  <testcase name="testContentTypeInference_MovieByExtension" classname="com.shareconnect.MetadataFetcherTest" time="0.002"/>
  <testcase name="testMagnetMetadataExtraction_MusicAlbum" classname="com.shareconnect.MetadataFetcherTest" time="0.001"/>
  <testcase name="testSizeFormatting_Bytes" classname="com.shareconnect.MetadataFetcherTest" time="0.003"/>
  <testcase name="testMagnetMetadataExtraction_MinimalInfo" classname="com.shareconnect.MetadataFetcherTest" time="0.003"/>
  <testcase name="testMagnetMetadataExtraction_TVShowWithMultipleTrackers" classname="com.shareconnect.MetadataFetcherTest" time="0.003"/>
  <testcase name="testSizeFormatting_Terabytes" classname="com.shareconnect.MetadataFetcherTest" time="0.001"/>
  <testcase name="testContentTypeInference_SoftwareByExtension" classname="com.shareconnect.MetadataFetcherTest" time="0.001"/>
  <testcase name="testMalformedMagnetUrl_ReturnsBasicMetadata" classname="com.shareconnect.MetadataFetcherTest" time="0.002"/>
  <testcase name="testMagnetMetadataExtraction_MovieWithFullInfo" classname="com.shareconnect.MetadataFetcherTest" time="0.003"/>
  <testcase name="testSizeFormatting_Kilobytes" classname="com.shareconnect.MetadataFetcherTest" time="0.002"/>
  <testcase name="testMagnetMetadataExtraction_OnlyInfoHash" classname="com.shareconnect.MetadataFetcherTest" time="0.001"/>
  <testcase name="testRegularUrl_FallsBackToGenericHandling" classname="com.shareconnect.MetadataFetcherTest" time="0.88"/>
  <system-out><![CDATA[]]></system-out>
  <system-err><![CDATA[java.lang.RuntimeException: Method isLoggable in android.util.Log not mocked. See https://developer.android.com/r/studio-ui/build/not-mocked for details.
	at android.util.Log.isLoggable(Log.java)
	at okhttp3.internal.platform.android.AndroidLog.enableLogging(AndroidLog.kt:127)
	at okhttp3.internal.platform.android.AndroidLog.enable(AndroidLog.kt:109)
	at okhttp3.internal.platform.PlatformRegistry.findPlatform(PlatformRegistry.kt:25)
	at okhttp3.internal.platform.Platform$Companion.findPlatform(Platform.kt:223)
	at okhttp3.internal.platform.Platform$Companion.access$findPlatform(Platform.kt:202)
	at okhttp3.internal.platform.Platform.<clinit>(Platform.kt:203)
	at okhttp3.OkHttpClient.<init>(OkHttpClient.kt:300)
	at okhttp3.OkHttpClient$Builder.build(OkHttpClient.kt:1384)
	at com.shareconnect.MetadataFetcher.<init>(MetadataFetcher.kt:25)
	at com.shareconnect.MetadataFetcherTest.setUp(MetadataFetcherTest.kt:14)
	at java.base/jdk.internal.reflect.NativeMethodAccessorImpl.invoke0(Native Method)
	at java.base/jdk.internal.reflect.NativeMethodAccessorImpl.invoke(NativeMethodAccessorImpl.java:77)
	at java.base/jdk.internal.reflect.DelegatingMethodAccessorImpl.invoke(DelegatingMethodAccessorImpl.java:43)
	at java.base/java.lang.reflect.Method.invoke(Method.java:569)
	at org.junit.runners.model.FrameworkMethod$1.runReflectiveCall(FrameworkMethod.java:59)
	at org.junit.internal.runners.model.ReflectiveCallable.run(ReflectiveCallable.java:12)
	at org.junit.runners.model.FrameworkMethod.invokeExplosively(FrameworkMethod.java:56)
	at org.junit.internal.runners.statements.RunBefores.invokeMethod(RunBefores.java:33)
	at org.junit.internal.runners.statements.RunBefores.evaluate(RunBefores.java:24)
	at org.junit.runners.ParentRunner$3.evaluate(ParentRunner.java:306)
	at org.junit.runners.BlockJUnit4ClassRunner$1.evaluate(BlockJUnit4ClassRunner.java:100)
	at org.junit.runners.ParentRunner.runLeaf(ParentRunner.java:366)
	at org.junit.runners.BlockJUnit4ClassRunner.runChild(BlockJUnit4ClassRunner.java:103)
	at org.junit.runners.BlockJUnit4ClassRunner.runChild(BlockJUnit4ClassRunner.java:63)
	at org.junit.runners.ParentRunner$4.run(ParentRunner.java:331)
	at org.junit.runners.ParentRunner$1.schedule(ParentRunner.java:79)
	at org.junit.runners.ParentRunner.runChildren(ParentRunner.java:329)
	at org.junit.runners.ParentRunner.access$100(ParentRunner.java:66)
	at org.junit.runners.ParentRunner$2.evaluate(ParentRunner.java:293)
	at org.junit.runners.ParentRunner$3.evaluate(ParentRunner.java:306)
	at org.junit.runners.ParentRunner.run(ParentRunner.java:413)
	at org.gradle.api.internal.tasks.testing.junit.JUnitTestClassExecutor.runTestClass(JUnitTestClassExecutor.java:112)
	at org.gradle.api.internal.tasks.testing.junit.JUnitTestClassExecutor.execute(JUnitTestClassExecutor.java:58)
	at org.gradle.api.internal.tasks.testing.junit.JUnitTestClassExecutor.execute(JUnitTestClassExecutor.java:40)
	at org.gradle.api.internal.tasks.testing.junit.AbstractJUnitTestClassProcessor.processTestClass(AbstractJUnitTestClassProcessor.java:54)
	at org.gradle.api.internal.tasks.testing.SuiteTestClassProcessor.processTestClass(SuiteTestClassProcessor.java:53)
	at java.base/jdk.internal.reflect.NativeMethodAccessorImpl.invoke0(Native Method)
	at java.base/jdk.internal.reflect.NativeMethodAccessorImpl.invoke(NativeMethodAccessorImpl.java:77)
	at java.base/jdk.internal.reflect.DelegatingMethodAccessorImpl.invoke(DelegatingMethodAccessorImpl.java:43)
	at java.base/java.lang.reflect.Method.invoke(Method.java:569)
	at org.gradle.internal.dispatch.ReflectionDispatch.dispatch(ReflectionDispatch.java:36)
	at org.gradle.internal.dispatch.ReflectionDispatch.dispatch(ReflectionDispatch.java:24)
	at org.gradle.internal.dispatch.ContextClassLoaderDispatch.dispatch(ContextClassLoaderDispatch.java:33)
	at org.gradle.internal.dispatch.ProxyDispatchAdapter$DispatchingInvocationHandler.invoke(ProxyDispatchAdapter.java:92)
	at jdk.proxy1/jdk.proxy1.$Proxy4.processTestClass(Unknown Source)
	at org.gradle.api.internal.tasks.testing.worker.TestWorker$2.run(TestWorker.java:183)
	at org.gradle.api.internal.tasks.testing.worker.TestWorker.executeAndMaintainThreadName(TestWorker.java:132)
	at org.gradle.api.internal.tasks.testing.worker.TestWorker.execute(TestWorker.java:103)
	at org.gradle.api.internal.tasks.testing.worker.TestWorker.execute(TestWorker.java:63)
	at org.gradle.process.internal.worker.child.ActionExecutionWorker.execute(ActionExecutionWorker.java:56)
	at org.gradle.process.internal.worker.child.SystemApplicationClassLoaderWorker.call(SystemApplicationClassLoaderWorker.java:122)
	at org.gradle.process.internal.worker.child.SystemApplicationClassLoaderWorker.call(SystemApplicationClassLoaderWorker.java:72)
	at worker.org.gradle.process.internal.worker.GradleWorkerMain.run(GradleWorkerMain.java:69)
	at worker.org.gradle.process.internal.worker.GradleWorkerMain.main(GradleWorkerMain.java:74)
]]></system-err>
</testsuite>
